Arguments: 
  /Users/ianblack/.nvm/versions/node/v10.17.0/bin/node /Users/ianblack/.yarn/bin/yarn.js start

PATH: 
  /Users/ianblack/.nvm/versions/node/v10.17.0/bin:/Users/ianblack/.yarn/bin:/usr/local/bin:/usr/bin:/bin:/usr/sbin:/sbin

Yarn version: 
  1.22.4

Node version: 
  10.17.0

Platform: 
  darwin x64

Trace: 
  SyntaxError: /Users/ianblack/Repos/readyforlaunch/package.json: Unexpected token } in JSON at position 755
      at JSON.parse (<anonymous>)
      at /Users/ianblack/.yarn/lib/cli.js:1625:59
      at Generator.next (<anonymous>)
      at step (/Users/ianblack/.yarn/lib/cli.js:310:30)
      at /Users/ianblack/.yarn/lib/cli.js:321:13

npm manifest: 
  {
    "name": "ContentfulBlog",
    "version": "0.1.0",
    "license": "MIT",
    "homepage": "",
    "repository": {},
    "devDependencies": {
      "prettier": "^1.17.1",
      "react-scripts": "^4.0.3"
    },
    "dependencies": {
      "big.js": "^5.2.2",
      "contentful": "^7.14.6",
      "dotenv": "^10.0.0",
      "gh-pages": "^3.2.3",
      "moment": "^2.27.0",
      "netlify-cli": "^2.59.1",
      "react": "^16.8.6",
      "react-dom": "^16.8.6",
      "react-dotenv": "^0.1.3",
      "react-markdown": "^4.3.1",
      "react-router-dom": "^5.2.0",
      "sass": "^1.36.0",
      "styled-components": "^5.1.1"
    },
    "scripts": {
      "start": "react-scripts start",
      "build": "react-scripts build",
      "test": "react-scripts test --env=jsdom",
      "eject": "react-scripts eject",
    },
    "prettier": {
      "trailingComma": "all"
    },
    "browserslist": {
      "production": [
        ">0.2%",
        "not dead",
        "not op_mini all"
      ],
      "development": [
        "last 1 chrome version",
        "last 1 firefox version",
        "last 1 safari version"
      ]
    }
  }

yarn manifest: 
  No manifest

Lockfile: 
  No lockfile
